<?xml version="1.0" encoding="UTF-8"?>
<!-- Generated by org.testng.reporters.JUnitXMLReporter -->
<testsuite ignored="0" hostname="DESKTOP-GICHNOE" failures="0" tests="2" name="Default test" time="23.441" errors="0" timestamp="2023-09-15T15:13:03 IST">
  <testcase classname="Module1_Login_Test.SwagLabLoginTestClass_testng" name="VerfiyLogo" time="2.122"/>
  <testcase classname="Module1_Login_Test.SwagLabLoginTestClass_testng" name="VerfyAddtoCartToRemoveBtn" time="3.569"/>
</testsuite> <!-- Default test -->
