<?xml version="1.0" encoding="UTF-8"?>
<testng-results ignored="0" total="2" passed="2" failed="0" skipped="0">
  <reporter-output>
  </reporter-output>
  <suite started-at="2023-09-29T13:13:56 IST" name="Default suite" finished-at="2023-09-29T13:14:25 IST" duration-ms="29105">
    <groups>
    </groups>
    <test started-at="2023-09-29T13:13:56 IST" name="Default test" finished-at="2023-09-29T13:14:25 IST" duration-ms="29105">
      <class name="Module1_Login_Test.SwagLabLoginTestClass_testng">
        <test-method is-config="true" signature="OpenBrowser()[pri:0, instance:Module1_Login_Test.SwagLabLoginTestClass_testng@563f38c4]" started-at="2023-09-29T13:13:56 IST" name="OpenBrowser" finished-at="2023-09-29T13:14:09 IST" duration-ms="12934" status="PASS">
          <reporter-output>
          </reporter-output>
        </test-method> <!-- OpenBrowser -->
        <test-method is-config="true" signature="LoginToApp()[pri:0, instance:Module1_Login_Test.SwagLabLoginTestClass_testng@563f38c4]" started-at="2023-09-29T13:14:09 IST" name="LoginToApp" finished-at="2023-09-29T13:14:11 IST" duration-ms="1329" status="PASS">
          <reporter-output>
          </reporter-output>
        </test-method> <!-- LoginToApp -->
        <test-method signature="VerfiyLogo()[pri:1, instance:Module1_Login_Test.SwagLabLoginTestClass_testng@563f38c4]" started-at="2023-09-29T13:14:11 IST" name="VerfiyLogo" finished-at="2023-09-29T13:14:13 IST" duration-ms="2122" status="PASS">
          <reporter-output>
          </reporter-output>
        </test-method> <!-- VerfiyLogo -->
        <test-method is-config="true" signature="LogoutFromApp(org.testng.ITestResult)[pri:0, instance:Module1_Login_Test.SwagLabLoginTestClass_testng@563f38c4]" started-at="2023-09-29T13:14:13 IST" name="LogoutFromApp" finished-at="2023-09-29T13:14:15 IST" duration-ms="2256" status="PASS">
          <params>
            <param index="0">
              <value>
                <![CDATA[[TestResult name=VerfiyLogo status=SUCCESS method=SwagLabLoginTestClass_testng.VerfiyLogo()[pri:1, instance:Module1_Login_Test.SwagLabLoginTestClass_testng@563f38c4] output={null}]]]>
              </value>
            </param>
          </params>
          <reporter-output>
          </reporter-output>
        </test-method> <!-- LogoutFromApp -->
        <test-method is-config="true" signature="LoginToApp()[pri:0, instance:Module1_Login_Test.SwagLabLoginTestClass_testng@563f38c4]" started-at="2023-09-29T13:14:15 IST" name="LoginToApp" finished-at="2023-09-29T13:14:15 IST" duration-ms="428" status="PASS">
          <reporter-output>
          </reporter-output>
        </test-method> <!-- LoginToApp -->
        <test-method signature="VerfyAddtoCartToRemoveBtn()[pri:2, instance:Module1_Login_Test.SwagLabLoginTestClass_testng@563f38c4]" started-at="2023-09-29T13:14:15 IST" name="VerfyAddtoCartToRemoveBtn" finished-at="2023-09-29T13:14:20 IST" duration-ms="4526" status="PASS">
          <reporter-output>
          </reporter-output>
        </test-method> <!-- VerfyAddtoCartToRemoveBtn -->
        <test-method is-config="true" signature="LogoutFromApp(org.testng.ITestResult)[pri:0, instance:Module1_Login_Test.SwagLabLoginTestClass_testng@563f38c4]" started-at="2023-09-29T13:14:20 IST" name="LogoutFromApp" finished-at="2023-09-29T13:14:22 IST" duration-ms="2246" status="PASS">
          <params>
            <param index="0">
              <value>
                <![CDATA[[TestResult name=VerfyAddtoCartToRemoveBtn status=SUCCESS method=SwagLabLoginTestClass_testng.VerfyAddtoCartToRemoveBtn()[pri:2, instance:Module1_Login_Test.SwagLabLoginTestClass_testng@563f38c4] output={null}]]]>
              </value>
            </param>
          </params>
          <reporter-output>
          </reporter-output>
        </test-method> <!-- LogoutFromApp -->
        <test-method is-config="true" signature="CloseBrowser()[pri:0, instance:Module1_Login_Test.SwagLabLoginTestClass_testng@563f38c4]" started-at="2023-09-29T13:14:22 IST" name="CloseBrowser" finished-at="2023-09-29T13:14:25 IST" duration-ms="3002" status="PASS">
          <reporter-output>
          </reporter-output>
        </test-method> <!-- CloseBrowser -->
      </class> <!-- Module1_Login_Test.SwagLabLoginTestClass_testng -->
    </test> <!-- Default test -->
  </suite> <!-- Default suite -->
</testng-results>
