<?xml version="1.0" encoding="UTF-8"?>
<testng-results ignored="0" total="2" passed="2" failed="0" skipped="0">
  <reporter-output>
  </reporter-output>
  <suite started-at="2023-09-15T15:12:40 IST" name="Default suite" finished-at="2023-09-15T15:13:03 IST" duration-ms="23441">
    <groups>
    </groups>
    <test started-at="2023-09-15T15:12:40 IST" name="Default test" finished-at="2023-09-15T15:13:03 IST" duration-ms="23441">
      <class name="Module1_Login_Test.SwagLabLoginTestClass_testng">
        <test-method is-config="true" signature="OpenBrowser()[pri:0, instance:Module1_Login_Test.SwagLabLoginTestClass_testng@25ce9dc4]" started-at="2023-09-15T15:12:40 IST" name="OpenBrowser" finished-at="2023-09-15T15:12:49 IST" duration-ms="9370" status="PASS">
          <reporter-output>
          </reporter-output>
        </test-method> <!-- OpenBrowser -->
        <test-method is-config="true" signature="LoginToApp()[pri:0, instance:Module1_Login_Test.SwagLabLoginTestClass_testng@25ce9dc4]" started-at="2023-09-15T15:12:49 IST" name="LoginToApp" finished-at="2023-09-15T15:12:50 IST" duration-ms="546" status="PASS">
          <reporter-output>
          </reporter-output>
        </test-method> <!-- LoginToApp -->
        <test-method signature="VerfiyLogo()[pri:1, instance:Module1_Login_Test.SwagLabLoginTestClass_testng@25ce9dc4]" started-at="2023-09-15T15:12:50 IST" name="VerfiyLogo" finished-at="2023-09-15T15:12:52 IST" duration-ms="2122" status="PASS">
          <reporter-output>
          </reporter-output>
        </test-method> <!-- VerfiyLogo -->
        <test-method is-config="true" signature="LogoutFromApp(org.testng.ITestResult)[pri:0, instance:Module1_Login_Test.SwagLabLoginTestClass_testng@25ce9dc4]" started-at="2023-09-15T15:12:52 IST" name="LogoutFromApp" finished-at="2023-09-15T15:12:54 IST" duration-ms="2242" status="PASS">
          <params>
            <param index="0">
              <value>
                <![CDATA[[TestResult name=VerfiyLogo status=SUCCESS method=SwagLabLoginTestClass_testng.VerfiyLogo()[pri:1, instance:Module1_Login_Test.SwagLabLoginTestClass_testng@25ce9dc4] output={null}]]]>
              </value>
            </param>
          </params>
          <reporter-output>
          </reporter-output>
        </test-method> <!-- LogoutFromApp -->
        <test-method is-config="true" signature="LoginToApp()[pri:0, instance:Module1_Login_Test.SwagLabLoginTestClass_testng@25ce9dc4]" started-at="2023-09-15T15:12:54 IST" name="LoginToApp" finished-at="2023-09-15T15:12:54 IST" duration-ms="523" status="PASS">
          <reporter-output>
          </reporter-output>
        </test-method> <!-- LoginToApp -->
        <test-method signature="VerfyAddtoCartToRemoveBtn()[pri:2, instance:Module1_Login_Test.SwagLabLoginTestClass_testng@25ce9dc4]" started-at="2023-09-15T15:12:54 IST" name="VerfyAddtoCartToRemoveBtn" finished-at="2023-09-15T15:12:58 IST" duration-ms="3569" status="PASS">
          <reporter-output>
          </reporter-output>
        </test-method> <!-- VerfyAddtoCartToRemoveBtn -->
        <test-method is-config="true" signature="LogoutFromApp(org.testng.ITestResult)[pri:0, instance:Module1_Login_Test.SwagLabLoginTestClass_testng@25ce9dc4]" started-at="2023-09-15T15:12:58 IST" name="LogoutFromApp" finished-at="2023-09-15T15:13:00 IST" duration-ms="2216" status="PASS">
          <params>
            <param index="0">
              <value>
                <![CDATA[[TestResult name=VerfyAddtoCartToRemoveBtn status=SUCCESS method=SwagLabLoginTestClass_testng.VerfyAddtoCartToRemoveBtn()[pri:2, instance:Module1_Login_Test.SwagLabLoginTestClass_testng@25ce9dc4] output={null}]]]>
              </value>
            </param>
          </params>
          <reporter-output>
          </reporter-output>
        </test-method> <!-- LogoutFromApp -->
        <test-method is-config="true" signature="CloseBrowser()[pri:0, instance:Module1_Login_Test.SwagLabLoginTestClass_testng@25ce9dc4]" started-at="2023-09-15T15:13:00 IST" name="CloseBrowser" finished-at="2023-09-15T15:13:03 IST" duration-ms="2737" status="PASS">
          <reporter-output>
          </reporter-output>
        </test-method> <!-- CloseBrowser -->
      </class> <!-- Module1_Login_Test.SwagLabLoginTestClass_testng -->
    </test> <!-- Default test -->
  </suite> <!-- Default suite -->
</testng-results>
